<?xml version="1.0" encoding="UTF-8"?>
<!-- Generated by org.testng.reporters.JUnitXMLReporter -->
<testsuite ignored="0" hostname="DESKTOP-G8O6OG0" failures="1" tests="6" name="My Test" time="48.561" errors="0" timestamp="2024-06-20T21:48:22 IST">
  <testcase classname="com.TestNGDemos.D05AmazonAssignment" name="clickOnSell" time="3.403"/>
  <testcase classname="com.TestNGDemos.D05AmazonAssignment" name="clickOnBestSeller" time="3.198"/>
  <testcase classname="com.TestNGDemos.D05AmazonAssignment" name="clickOnMobile" time="6.27"/>
  <testcase classname="com.TestNGDemos.D05AmazonAssignment" name="clickOnElectronics" time="11.357"/>
  <testcase classname="com.TestNGDemos.D07AssertionDemo" name="loginToOHRM" time="1.661"/>
  <testcase classname="com.TestNGDemos.D07AssertionDemo" name="loginToOHRM" time="1.304">
    <failure type="java.lang.AssertionError" message="Invalid user name or password expected [true] but found [false]">
      <![CDATA[java.lang.AssertionError: Invalid user name or password expected [true] but found [false]
at com.TestNGDemos.D07AssertionDemo.loginToOHRM(D07AssertionDemo.java:29)
at java.base/java.util.ArrayList.forEach(ArrayList.java:1541)
... Removed 30 stack frames]]>
    </failure>
  </testcase> <!-- loginToOHRM -->
</testsuite> <!-- My Test -->
